<?xml version="1.0" encoding="UTF-8"?>
<!-- Generated by org.testng.reporters.JUnitReportReporter -->
<testsuite skipped="0" hostname="Welcome-PC" name="Jenkins.TestSuite" tests="1" failures="0" timestamp="27 Apr 2018 21:08:05 GMT" time="43.611" errors="0">
  <testcase name="navigationToElectronicPage" time="43.611" classname="Jenkins.TestSuite"/>
</testsuite> <!-- Jenkins.TestSuite -->
